<?xml version="1.0" encoding="UTF-8"?>
<testsuite name="com.setec.CoffeeShopHtmlTelegramBotApplicationTests" tests="1" skipped="0" failures="0" errors="0" timestamp="2025-12-14T16:24:17.663Z" hostname="DESKTOP-N3S2D2J" time="0.886">
  <properties/>
  <testcase name="contextLoads()" classname="com.setec.CoffeeShopHtmlTelegramBotApplicationTests" time="0.886"/>
  <system-out><![CDATA[23:24:06.212 [Test worker] INFO org.springframework.test.context.support.AnnotationConfigContextLoaderUtils -- Could not detect default configuration classes for test class [com.setec.CoffeeShopHtmlTelegramBotApplicationTests]: CoffeeShopHtmlTelegramBotApplicationTests does not declare any static, non-private, non-final, nested classes annotated with @Configuration.
23:24:06.588 [Test worker] INFO org.springframework.boot.test.context.SpringBootTestContextBootstrapper -- Found @SpringBootConfiguration com.setec.CoffeeShopHtmlTelegramBotApplication for test class com.setec.CoffeeShopHtmlTelegramBotApplicationTests

  .   ____          _            __ _ _
 /\\ / ___'_ __ _ _(_)_ __  __ _ \ \ \ \
( ( )\___ | '_ | '_| | '_ \/ _` | \ \ \ \
 \\/  ___)| |_)| | | | | || (_| |  ) ) ) )
  '  |____| .__|_| |_|_| |_\__, | / / / /
 =========|_|==============|___/=/_/_/_/

 :: Spring Boot ::                (v3.5.7)

2025-12-14T23:24:08.090+07:00  INFO 22476 --- [coffee-shop-html-telegram-bot] [    Test worker] offeeShopHtmlTelegramBotApplicationTests : Starting CoffeeShopHtmlTelegramBotApplicationTests using Java 21.0.6 with PID 22476 (started by Asus-PC in D:\SU33\Java Programming\Year4\sts-4.31.0.RELEASE\WorkSpaces\coffee-shop-html-telegram-bot)
2025-12-14T23:24:08.092+07:00  INFO 22476 --- [coffee-shop-html-telegram-bot] [    Test worker] offeeShopHtmlTelegramBotApplicationTests : No active profile set, falling back to 1 default profile: "default"
2025-12-14T23:24:10.558+07:00  INFO 22476 --- [coffee-shop-html-telegram-bot] [    Test worker] .s.d.r.c.RepositoryConfigurationDelegate : Bootstrapping Spring Data JPA repositories in DEFAULT mode.
2025-12-14T23:24:10.757+07:00  INFO 22476 --- [coffee-shop-html-telegram-bot] [    Test worker] .s.d.r.c.RepositoryConfigurationDelegate : Finished Spring Data repository scanning in 166 ms. Found 1 JPA repository interface.
2025-12-14T23:24:12.570+07:00  INFO 22476 --- [coffee-shop-html-telegram-bot] [    Test worker] o.hibernate.jpa.internal.util.LogHelper  : HHH000204: Processing PersistenceUnitInfo [name: default]
2025-12-14T23:24:12.681+07:00  INFO 22476 --- [coffee-shop-html-telegram-bot] [    Test worker] org.hibernate.Version                    : HHH000412: Hibernate ORM core version 6.6.33.Final
2025-12-14T23:24:12.752+07:00  INFO 22476 --- [coffee-shop-html-telegram-bot] [    Test worker] o.h.c.internal.RegionFactoryInitiator    : HHH000026: Second-level cache disabled
2025-12-14T23:24:13.317+07:00  INFO 22476 --- [coffee-shop-html-telegram-bot] [    Test worker] o.s.o.j.p.SpringPersistenceUnitInfo      : No LoadTimeWeaver setup: ignoring JPA class transformer
2025-12-14T23:24:13.382+07:00  INFO 22476 --- [coffee-shop-html-telegram-bot] [    Test worker] com.zaxxer.hikari.HikariDataSource       : HikariPool-1 - Starting...
2025-12-14T23:24:13.691+07:00  INFO 22476 --- [coffee-shop-html-telegram-bot] [    Test worker] com.zaxxer.hikari.pool.HikariPool        : HikariPool-1 - Added connection com.mysql.cj.jdbc.ConnectionImpl@6630dd28
2025-12-14T23:24:13.694+07:00  INFO 22476 --- [coffee-shop-html-telegram-bot] [    Test worker] com.zaxxer.hikari.HikariDataSource       : HikariPool-1 - Start completed.
2025-12-14T23:24:13.840+07:00  INFO 22476 --- [coffee-shop-html-telegram-bot] [    Test worker] org.hibernate.orm.connections.pooling    : HHH10001005: Database info:
	Database JDBC URL [Connecting through datasource 'HikariDataSource (HikariPool-1)']
	Database driver: undefined/unknown
	Database version: 9.1
	Autocommit mode: undefined/unknown
	Isolation level: undefined/unknown
	Minimum pool size: undefined/unknown
	Maximum pool size: undefined/unknown
2025-12-14T23:24:15.255+07:00  INFO 22476 --- [coffee-shop-html-telegram-bot] [    Test worker] o.h.e.t.j.p.i.JtaPlatformInitiator       : HHH000489: No JTA platform available (set 'hibernate.transaction.jta.platform' to enable JTA platform integration)
2025-12-14T23:24:15.355+07:00  INFO 22476 --- [coffee-shop-html-telegram-bot] [    Test worker] j.LocalContainerEntityManagerFactoryBean : Initialized JPA EntityManagerFactory for persistence unit 'default'
2025-12-14T23:24:16.177+07:00  INFO 22476 --- [coffee-shop-html-telegram-bot] [    Test worker] o.s.b.a.w.s.WelcomePageHandlerMapping    : Adding welcome page template: index
2025-12-14T23:24:17.560+07:00  INFO 22476 --- [coffee-shop-html-telegram-bot] [    Test worker] offeeShopHtmlTelegramBotApplicationTests : Started CoffeeShopHtmlTelegramBotApplicationTests in 10.48 seconds (process running for 14.45)
]]></system-out>
  <system-err><![CDATA[Mockito is currently self-attaching to enable the inline-mock-maker. This will no longer work in future releases of the JDK. Please add Mockito as an agent to your build as described in Mockito's documentation: https://javadoc.io/doc/org.mockito/mockito-core/latest/org.mockito/org/mockito/Mockito.html#0.3
WARNING: A Java agent has been loaded dynamically (C:\apache\gradle-8.14.3\caches\modules-2\files-2.1\net.bytebuddy\byte-buddy-agent\1.17.8\f09415827a71be7ed621c7bd02550678f28bc81c\byte-buddy-agent-1.17.8.jar)
WARNING: If a serviceability tool is in use, please run with -XX:+EnableDynamicAgentLoading to hide this warning
WARNING: If a serviceability tool is not in use, please run with -Djdk.instrument.traceUsage for more information
WARNING: Dynamic loading of agents will be disallowed by default in a future release
]]></system-err>
</testsuite>
